<?xml version="1.0" encoding="UTF-8"?>
<!-- Generated by org.testng.reporters.JUnitXMLReporter -->
<testsuite hostname="Deccansoft-6" name="Default test" tests="5" failures="0" timestamp="7 Feb 2018 04:14:09 GMT" time="281.45" errors="0">
  <testcase name="doLogin" time="215.543" classname="com.facebook.testcases.LoginTest"/>
  <testcase name="doLogin" time="63.059" classname="com.facebook.testcases.LoginTest"/>
  <testcase name="doLogin" time="0.773" classname="com.facebook.testcases.LoginTest">
    <skipped/>
  </testcase> <!-- doLogin -->
  <testcase name="doLogin" time="0.534" classname="com.facebook.testcases.LoginTest">
    <skipped/>
  </testcase> <!-- doLogin -->
  <testcase name="doLogin" time="0.293" classname="com.facebook.testcases.LoginTest">
    <skipped/>
  </testcase> <!-- doLogin -->
</testsuite> <!-- Default test -->
