<?xml version="1.0" encoding="UTF-8"?>
<!-- Generated by org.testng.reporters.JUnitXMLReporter -->
<testsuite hostname="Deccansoft-6" name="Test" tests="7" failures="1" timestamp="5 Feb 2018 09:27:22 GMT" time="63.06" errors="0">
  <testcase name="@AfterTest quit" time="0.0" classname="com.facebook.testcases.ChangePasssword">
    <failure type="java.lang.NullPointerException">
      <![CDATA[java.lang.NullPointerException
	at com.relevantcodes.extentreports.ExtentReports.endTest(ExtentReports.java:618)
	at com.facebook.testcases.ChangePasssword.quit(ChangePasssword.java:48)
... Removed 22 stack frames]]>
    </failure>
  </testcase> <!-- @AfterTest quit -->
  <testcase name="ChangePasswordTest" time="0.006" classname="com.facebook.testcases.ChangePasssword">
    <skipped/>
  </testcase> <!-- ChangePasswordTest -->
  <testcase name="doLogin" time="22.283" classname="com.facebook.testcases.LoginTest"/>
  <testcase name="doLogin" time="22.338" classname="com.facebook.testcases.LoginTest"/>
  <testcase name="doLogin" time="0.002" classname="com.facebook.testcases.LoginTest">
    <skipped/>
  </testcase> <!-- doLogin -->
  <testcase name="doLogin" time="0.001" classname="com.facebook.testcases.LoginTest">
    <skipped/>
  </testcase> <!-- doLogin -->
  <testcase name="doLogin" time="0.002" classname="com.facebook.testcases.LoginTest">
    <skipped/>
  </testcase> <!-- doLogin -->
  <testcase name="testprofile" time="17.399" classname="com.facebook.testcases.ProfileTest">
    <failure type="java.lang.NullPointerException">
      <![CDATA[java.lang.NullPointerException
	at com.facebook.basepage.Basepag.isElementpresent(Basepag.java:50)
	at com.facebook.pages.Loginpage.doLogin(Loginpage.java:36)
	at com.facebook.testcases.ProfileTest.testprofile(ProfileTest.java:32)
... Removed 24 stack frames]]>
    </failure>
  </testcase> <!-- testprofile -->
</testsuite> <!-- Test -->
